[debug] [2021-11-16T05:49:02.889Z] ----------------------------------------------------------------------
[debug] [2021-11-16T05:49:02.891Z] Command:       C:\Program Files\nodejs\node.exe C:\Users\Ashraful Islam\AppData\Roaming\npm\node_modules\firebase-tools\lib\bin\firebase.js init
[debug] [2021-11-16T05:49:02.891Z] CLI Version:   9.22.0
[debug] [2021-11-16T05:49:02.891Z] Platform:      win32
[debug] [2021-11-16T05:49:02.891Z] Node Version:  v14.15.3
[debug] [2021-11-16T05:49:02.892Z] Time:          Tue Nov 16 2021 11:49:02 GMT+0600 (Bangladesh Standard Time)
[debug] [2021-11-16T05:49:02.892Z] ----------------------------------------------------------------------
[debug] 
[debug] [2021-11-16T05:49:02.897Z] > command requires scopes: ["email","openid","https://www.googleapis.com/auth/cloudplatformprojects.readonly","https://www.googleapis.com/auth/firebase","https://www.googleapis.com/auth/cloud-platform"]
[debug] [2021-11-16T05:49:02.897Z] > authorizing via signed-in user (mubarakhossen1659@gmail.com)
[info] 
     ######## #### ########  ######## ########     ###     ######  ########
     ##        ##  ##     ## ##       ##     ##  ##   ##  ##       ##
     ######    ##  ########  ######   ########  #########  ######  ######
     ##        ##  ##    ##  ##       ##     ## ##     ##       ## ##
     ##       #### ##     ## ######## ########  ##     ##  ######  ########

You're about to initialize a Firebase project in this directory:

  D:\Web-Development React-Project\auth-recap-projects

[info] 
=== Project Setup
[info] 
[info] First, let's associate this project directory with a Firebase project.
[info] You can create multiple project aliases by running firebase use --add, 
[info] but for now we'll just set up a default project.
[info] 
[debug] [2021-11-16T05:49:15.196Z] >>> [apiv2][query] GET https://firebase.googleapis.com/v1beta1/projects pageSize=100
[debug] [2021-11-16T05:49:16.220Z] <<< [apiv2][status] GET https://firebase.googleapis.com/v1beta1/projects 200
[debug] [2021-11-16T05:49:16.221Z] <<< [apiv2][body] GET https://firebase.googleapis.com/v1beta1/projects [omitted]
[info] i  Using project ema-john-simple-b48c1 (ema-john-simple) 
[info] 
=== Hosting:github Setup
[info] 
[info] i  Detected a .git folder at D:\Web-Development React-Project\auth-recap-projects 
[info] i  Authorizing with GitHub to upload your service account to a GitHub repository's secrets store. 
[info] 
[info] Visit this URL on this device to log in:
[info] https://github.com/login/oauth/authorize?client_id=89cf50f02ac6aaed3484&state=286985465&redirect_uri=http%3A%2F%2Flocalhost%3A9005&scope=read%3Auser%20repo%20public_repo
[info] 
[info] Waiting for authentication...
[debug] [2021-11-16T05:49:38.068Z] >>> HTTP REQUEST POST https://github.com/login/oauth/access_token  
 {"client_id":"89cf50f02ac6aaed3484","client_secret":"3330d14abc895d9a74d5f17cd7a00711fa2c5bf0","code":"bafe3121030c9ca67970","redirect_uri":"http://localhost:9005","state":"286985465"}
[debug] [2021-11-16T05:49:38.626Z] <<< HTTP RESPONSE 200 {"server":"GitHub.com","date":"Tue, 16 Nov 2021 05:49:37 GMT","content-type":"application/json; charset=utf-8","transfer-encoding":"chunked","vary":"X-PJAX, X-PJAX-Container, Accept-Encoding, Accept, X-Requested-With","permissions-policy":"interest-cohort=()","etag":"W/\"1f3f0e60b901a1cfe4bf49817e0b2e80\"","cache-control":"max-age=0, private, must-revalidate","strict-transport-security":"max-age=31536000; includeSubdomains; preload","x-frame-options":"deny","x-content-type-options":"nosniff","x-xss-protection":"0","referrer-policy":"origin-when-cross-origin, strict-origin-when-cross-origin","expect-ct":"max-age=2592000, report-uri=\"https://api.github.com/_private/browser/errors\"","content-security-policy":"default-src 'none'; base-uri 'self'; block-all-mixed-content; child-src github.com/assets-cdn/worker/ gist.github.com/assets-cdn/worker/; connect-src 'self' uploads.github.com objects-origin.githubusercontent.com www.githubstatus.com collector.githubapp.com api.github.com github-cloud.s3.amazonaws.com github-production-repository-file-5c1aeb.s3.amazonaws.com github-production-upload-manifest-file-7fdce7.s3.amazonaws.com github-production-user-asset-6210df.s3.amazonaws.com cdn.optimizely.com logx.optimizely.com/v1/events translator.github.com wss://alive.github.com; font-src github.githubassets.com; form-action 'self' github.com gist.github.com objects-origin.githubusercontent.com; frame-ancestors 'none'; frame-src render.githubusercontent.com viewscreen.githubusercontent.com notebooks.githubusercontent.com; img-src 'self' data: github.githubassets.com identicons.github.com collector.githubapp.com github-cloud.s3.amazonaws.com secured-user-images.githubusercontent.com/ *.githubusercontent.com; manifest-src 'self'; media-src github.com user-images.githubusercontent.com/; script-src github.githubassets.com; style-src 'unsafe-inline' github.githubassets.com; worker-src github.com/assets-cdn/worker/ gist.github.com/assets-cdn/worker/","x-github-request-id":"E53D:5A04:CB61C4:FAC325:61934670"}
[debug] [2021-11-16T05:49:38.630Z] >>> [apiv2][query] GET https://api.github.com/user [none]
[debug] [2021-11-16T05:49:39.462Z] <<< [apiv2][status] GET https://api.github.com/user 200
[debug] [2021-11-16T05:49:39.463Z] <<< [apiv2][body] GET https://api.github.com/user {"login":"ashrafulislampro","id":67538730,"node_id":"MDQ6VXNlcjY3NTM4NzMw","avatar_url":"https://avatars.githubusercontent.com/u/67538730?v=4","gravatar_id":"","url":"https://api.github.com/users/ashrafulislampro","html_url":"https://github.com/ashrafulislampro","followers_url":"https://api.github.com/users/ashrafulislampro/followers","following_url":"https://api.github.com/users/ashrafulislampro/following{/other_user}","gists_url":"https://api.github.com/users/ashrafulislampro/gists{/gist_id}","starred_url":"https://api.github.com/users/ashrafulislampro/starred{/owner}{/repo}","subscriptions_url":"https://api.github.com/users/ashrafulislampro/subscriptions","organizations_url":"https://api.github.com/users/ashrafulislampro/orgs","repos_url":"https://api.github.com/users/ashrafulislampro/repos","events_url":"https://api.github.com/users/ashrafulislampro/events{/privacy}","received_events_url":"https://api.github.com/users/ashrafulislampro/received_events","type":"User","site_admin":false,"name":"Ashraful Islam","company":null,"blog":"","location":"Narsingdi, Dhaka , Bangladesh","email":null,"hireable":null,"bio":"I Am An MERN Stack Web-Developer And Work With MongoDB, Express Js, Node Js And React Js.","twitter_username":null,"public_repos":71,"public_gists":0,"followers":0,"following":2,"created_at":"2020-06-28T08:41:52Z","updated_at":"2021-11-16T05:38:45Z","private_gists":0,"total_private_repos":5,"owned_private_repos":5,"disk_usage":208382,"collaborators":0,"two_factor_authentication":false,"plan":{"name":"free","space":976562499,"collaborators":0,"private_repos":10000}}
[info] 
[info] +  Success! Logged into GitHub as ashrafulislampro 
[info] 
[debug] [2021-11-16T05:51:31.848Z] >>> [apiv2][query] GET https://api.github.com/repos/user/actions/secrets/public-key type=owner
[debug] [2021-11-16T05:51:32.378Z] <<< [apiv2][status] GET https://api.github.com/repos/user/actions/secrets/public-key 404
[debug] [2021-11-16T05:51:32.378Z] <<< [apiv2][body] GET https://api.github.com/repos/user/actions/secrets/public-key {"message":"Not Found","documentation_url":"https://docs.github.com/rest"}
[debug] [2021-11-16T05:51:50.543Z] >>> [apiv2][query] GET https://api.github.com/repos//actions/secrets/public-key type=owner
[debug] [2021-11-16T05:51:50.991Z] <<< [apiv2][status] GET https://api.github.com/repos//actions/secrets/public-key 404
[debug] [2021-11-16T05:51:50.991Z] <<< [apiv2][body] GET https://api.github.com/repos//actions/secrets/public-key {"message":"Not Found","documentation_url":"https://docs.github.com/rest"}
[debug] [2021-11-16T05:52:07.151Z] >>> [apiv2][query] GET https://api.github.com/repos/auth-recap-projects/actions/secrets/public-key type=owner
[debug] [2021-11-16T05:52:07.597Z] <<< [apiv2][status] GET https://api.github.com/repos/auth-recap-projects/actions/secrets/public-key 404
[debug] [2021-11-16T05:52:07.597Z] <<< [apiv2][body] GET https://api.github.com/repos/auth-recap-projects/actions/secrets/public-key {"message":"Not Found","documentation_url":"https://docs.github.com/rest"}
